jack_b_MAK 3.55e+09  
jack_b_HER 7.55e+09  
jack_b_WHK 1.7e+07   
jack_b_BLF 1.85e+08  
jack_b_WPF 5.8e+08   
jack_b_SUF 5.8e+08   
jack_b_WIF 5.8e+08   
jack_b_WTF 5.8e+08   
jack_b_HAL 5.8e+08   
jack_b_PLA 5.8e+08   
jack_b_FOU 5.8e+08   
jack_b_FLA 5.8e+08   
jack_b_BFT 2.8e+07   
jack_b_TUN 2.8e+07   
jack_b_BIL 2.8e+07   
jack_b_MPF 1250000   
jack_b_BUT 4.5e+08   
jack_b_ANC 4.5e+08   
jack_b_BPF 4.5e+08   
jack_b_GOO 9.4e+07   
jack_b_MEN 1.91e+09  
jack_b_FDE 1.91e+09  
jack_b_COD 3.7e+07   
jack_b_SHK 3.2e+08   
jack_b_OHK 1.45e+09  
jack_b_POL 1.45e+09  
jack_b_RHK 1.45e+09  
jack_b_BSB 1.45e+09  
jack_b_SCU 1.45e+09  
jack_b_TYL 1.45e+09  
jack_b_RED 1.45e+09  
jack_b_OPT 1.45e+09  
jack_b_SAL 1.45e+09  
jack_b_DRM 1.45e+09  
jack_b_STB 1.45e+09  
jack_b_TAU 1.45e+09  
jack_b_WOL 1.45e+09  
jack_b_SDF 1.45e+09  
jack_b_FDF 1.45e+09  
jack_b_HAD 2.18e+08  
jack_b_YTF 4.05e+08  
jack_b_DOG 5.8e+07   
jack_b_SMO 990000    
jack_b_SSH 990000    
jack_b_DSH 990000    
jack_b_BLS 20000     
jack_b_POR 20000     
jack_b_PSH 20000     
jack_b_WSK 6.1e+07   
jack_b_LSK 6.1e+07   
jack_b_SK  6.1e+07   
jack_b_SB  3e+06     
jack_b_PIN 40000     
jack_b_REP 34000     
jack_b_RWH 7         
jack_b_BWH 7         
jack_b_SWH 1000      
jack_b_TWH 1000      
jack_b_INV 1.45e+09  
 
